        -:    0:Source:/home/project/acid_graph/ArcGraph/src/ArcGraph.cpp
        -:    0:Graph:/home/project/acid_graph/cmake-build-debug-coverage/ArcGraph/CMakeFiles/libArcGraph.dir/src/ArcGraph.cpp.gcno
        -:    0:Data:/home/project/acid_graph/cmake-build-debug-coverage/ArcGraph/CMakeFiles/libArcGraph.dir/src/ArcGraph.cpp.gcda
        -:    0:Runs:1
        -:    1://
        -:    2:// Created by dark0ghost on 28.05.2021.
        -:    3://
        -:    4:
        -:    5:#include "../include/ArcGraph.h"
        -:    6:
function _ZN8ArcGraphC2Ei called 1 returned 100% blocks executed 100%
        1:    7:ArcGraph::ArcGraph(int size): meta(size) {
        1:    7-block  0
call    0 returned 1
call    1 returned 1
        -:    8:
        1:    9:}
        -:   10:
function _ZN8ArcGraphC2ERK6IGraph called 1 returned 100% blocks executed 29%
        1:   11:ArcGraph::ArcGraph(const IGraph &graph): meta(graph.VerticesCount()) {
        1:   11-block  0
call    0 returned 1
call    1 returned 1
branch  2 taken 1 (fallthrough)
branch  3 taken 0 (throw)
        1:   11-block  1
call    4 returned 1
    $$$$$:   11-block  2
call    5 never executed
    $$$$$:   11-block  3
call    6 never executed
       1*:   12:    for(int i = 0; i < meta; i++){
        1:   12-block  0
branch  0 taken 0 (fallthrough)
branch  1 taken 1
    #####:   13:        std::vector<int> ve = graph.GetNextVertices(i);
    %%%%%:   13-block  0
call    0 never executed
branch  1 never executed
branch  2 never executed
    %%%%%:   13-block  1
call    3 never executed
    $$$$$:   13-block  2
call    4 never executed
    #####:   14:        for(int j : ve)
    %%%%%:   14-block  0
call    0 never executed
call    1 never executed
    %%%%%:   14-block  1
call    2 never executed
branch  3 never executed
branch  4 never executed
    %%%%%:   14-block  2
call    5 never executed
    %%%%%:   14-block  3
call    6 never executed
    #####:   15:            AddEdge(i, j);
call    0 never executed
branch  1 never executed
branch  2 never executed
        -:   16:    }
        1:   17:}
        1:   17-block  0
        -:   18:
function _ZN8ArcGraph7AddEdgeEii called 0 returned 0% blocks executed 0%
    #####:   19:void ArcGraph::AddEdge(int from, int to) {
    #####:   20:    for(const Element<int>& i : element)
    %%%%%:   20-block  0
call    0 never executed
call    1 never executed
    %%%%%:   20-block  1
call    2 never executed
branch  3 never executed
branch  4 never executed
    %%%%%:   20-block  2
call    5 never executed
    %%%%%:   20-block  3
call    6 never executed
    #####:   21:        if(i.from == from && i.to == to)
branch  0 never executed
branch  1 never executed
    %%%%%:   21-block  0
branch  2 never executed
branch  3 never executed
    #####:   22:            return;
    %%%%%:   22-block  0
        -:   23:
    #####:   24:    auto el = Element<int>{from, to};
    #####:   25:    element.push_back(el);
    %%%%%:   25-block  0
call    0 never executed
branch  1 never executed
branch  2 never executed
        -:   26:
        -:   27:}
        -:   28:
function _ZNK8ArcGraph13VerticesCountEv called 2 returned 100% blocks executed 100%
        2:   29:int ArcGraph::VerticesCount() const {
        2:   30:    return meta;
        2:   30-block  0
        -:   31:}
        -:   32:
function _ZNK8ArcGraph15GetNextVerticesEi called 10 returned 100% blocks executed 57%
       10:   33:std::vector<int> ArcGraph::GetNextVertices(int vertex) const {
       10:   34:    std::vector<int> res;
       10:   34-block  0
call    0 returned 10
      10*:   35:    for(auto& el: element){
call    0 returned 10
call    1 returned 10
       10:   35-block  0
call    2 returned 10
branch  3 taken 0 (fallthrough)
branch  4 taken 10
    %%%%%:   35-block  1
call    5 never executed
    %%%%%:   35-block  2
call    6 never executed
    #####:   36:        if(el.from == vertex)
branch  0 never executed
branch  1 never executed
    #####:   37:            res.push_back(el.from);
    %%%%%:   37-block  0
call    0 never executed
branch  1 never executed
branch  2 never executed
        -:   38:    }
       10:   39:    return res;
       10:   39-block  0
       10:   39-block  1
        -:   40:}
        -:   41:
function _ZNK8ArcGraph15GetPrevVerticesEi called 0 returned 0% blocks executed 0%
    #####:   42:std::vector<int> ArcGraph::GetPrevVertices(int vertex) const {
    #####:   43:    std::vector<int> res;
    %%%%%:   43-block  0
call    0 never executed
    #####:   44:    for(auto& el: element){
call    0 never executed
call    1 never executed
    %%%%%:   44-block  0
call    2 never executed
branch  3 never executed
branch  4 never executed
    %%%%%:   44-block  1
call    5 never executed
    %%%%%:   44-block  2
call    6 never executed
    #####:   45:        if(el.to == vertex)
branch  0 never executed
branch  1 never executed
    #####:   46:            res.push_back(el.from);
    %%%%%:   46-block  0
call    0 never executed
branch  1 never executed
branch  2 never executed
        -:   47:    }
    #####:   48:    return res;
    %%%%%:   48-block  0
    %%%%%:   48-block  1
        -:   49:}
