        -:    0:Source:/home/project/acid_graph/ListGraph/src/ListGraph.cpp
        -:    0:Graph:/home/project/acid_graph/cmake-build-debug-coverage/ListGraph/CMakeFiles/libListGraph.dir/src/ListGraph.cpp.gcno
        -:    0:Data:/home/project/acid_graph/cmake-build-debug-coverage/ListGraph/CMakeFiles/libListGraph.dir/src/ListGraph.cpp.gcda
        -:    0:Runs:1
        -:    1://
        -:    2:// Created by dark0ghost on 26.05.2021.
        -:    3://
        -:    4:
        -:    5:#include <ListGraph.h>
        -:    6:
function _ZN9ListGraphC2Ei called 1 returned 100% blocks executed 100%
        1:    7:ListGraph::ListGraph(int size): meta(size){
        1:    7-block  0
call    0 returned 1
call    1 returned 1
call    2 returned 1
        -:    8:
        1:    9:}
        -:   10:
function _ZN9ListGraph7AddEdgeEii called 0 returned 0% blocks executed 0%
    #####:   11:void ListGraph::AddEdge(int from, int to) {
    #####:   12:    if(inStream.size() < outStream.size()){
    %%%%%:   12-block  0
call    0 never executed
call    1 never executed
branch  2 never executed
branch  3 never executed
    #####:   13:        for(int i : inStream[to])
    %%%%%:   13-block  0
call    0 never executed
call    1 never executed
call    2 never executed
    %%%%%:   13-block  1
call    3 never executed
branch  4 never executed
branch  5 never executed
    %%%%%:   13-block  2
call    6 never executed
    %%%%%:   13-block  3
call    7 never executed
    #####:   14:            if(i == from)
branch  0 never executed
branch  1 never executed
    #####:   15:                return;
    %%%%%:   15-block  0
        -:   16:    }
        -:   17:    else{
    #####:   18:        for(int i : outStream[from])
    %%%%%:   18-block  0
call    0 never executed
call    1 never executed
call    2 never executed
    %%%%%:   18-block  1
call    3 never executed
branch  4 never executed
branch  5 never executed
    %%%%%:   18-block  2
call    6 never executed
    %%%%%:   18-block  3
call    7 never executed
    #####:   19:            if(i == to)
branch  0 never executed
branch  1 never executed
    #####:   20:                return;
    %%%%%:   20-block  0
        -:   21:    }
    #####:   22:    inStream[to].push_back(from);
    %%%%%:   22-block  0
call    0 never executed
call    1 never executed
    #####:   23:    outStream[from].push_back(to);
call    0 never executed
call    1 never executed
        -:   24:}
        -:   25:
function _ZN9ListGraphC2ERK6IGraph called 1 returned 100% blocks executed 30%
        1:   26:ListGraph::ListGraph(const IGraph &igraph): meta(igraph.VerticesCount()) {
        1:   26-block  0
call    0 returned 1
call    1 returned 1
branch  2 taken 1 (fallthrough)
branch  3 taken 0 (throw)
        1:   26-block  1
call    4 returned 1
call    5 returned 1
    $$$$$:   26-block  2
call    6 never executed
    $$$$$:   26-block  3
call    7 never executed
    $$$$$:   26-block  4
call    8 never executed
       1*:   27:    for(int i = 0; i < meta; i++){
        1:   27-block  0
branch  0 taken 0 (fallthrough)
branch  1 taken 1
    #####:   28:        std::vector<int> ve = igraph.GetNextVertices(i);
    %%%%%:   28-block  0
call    0 never executed
branch  1 never executed
branch  2 never executed
    %%%%%:   28-block  1
call    3 never executed
    $$$$$:   28-block  2
call    4 never executed
    #####:   29:        for(int j : ve)
    %%%%%:   29-block  0
call    0 never executed
call    1 never executed
    %%%%%:   29-block  1
call    2 never executed
branch  3 never executed
branch  4 never executed
    %%%%%:   29-block  2
call    5 never executed
    %%%%%:   29-block  3
call    6 never executed
    #####:   30:          AddEdge(i, j);
call    0 never executed
branch  1 never executed
branch  2 never executed
        -:   31:    }
        1:   32:}
        1:   32-block  0
        -:   33:
function _ZNK9ListGraph13VerticesCountEv called 0 returned 0% blocks executed 0%
    #####:   34:int ListGraph::VerticesCount() const {
    #####:   35:    return meta;
    %%%%%:   35-block  0
        -:   36:}
        -:   37:
function _ZNK9ListGraph15GetNextVerticesEi called 0 returned 0% blocks executed 0%
    #####:   38:std::vector<int> ListGraph::GetNextVertices(int vertex) const {
    #####:   39:    std::vector<int> res;
    %%%%%:   39-block  0
call    0 never executed
    #####:   40:    for(auto& i : outStream[vertex]){
call    0 never executed
call    1 never executed
call    2 never executed
    %%%%%:   40-block  0
call    3 never executed
branch  4 never executed
branch  5 never executed
    %%%%%:   40-block  1
call    6 never executed
    %%%%%:   40-block  2
call    7 never executed
    #####:   41:        res.push_back(i);
call    0 never executed
branch  1 never executed
branch  2 never executed
        -:   42:    }
    #####:   43:    return res;
    %%%%%:   43-block  0
    %%%%%:   43-block  1
        -:   44:}
        -:   45:
function _ZNK9ListGraph15GetPrevVerticesEi called 0 returned 0% blocks executed 0%
    #####:   46:std::vector<int>ListGraph::GetPrevVertices(int vertex) const {
    #####:   47:    std::vector<int> res;
    %%%%%:   47-block  0
call    0 never executed
    #####:   48:    for(auto& i : inStream[vertex]){
call    0 never executed
call    1 never executed
call    2 never executed
    %%%%%:   48-block  0
call    3 never executed
branch  4 never executed
branch  5 never executed
    %%%%%:   48-block  1
call    6 never executed
    %%%%%:   48-block  2
call    7 never executed
    #####:   49:        res.push_back(i);
call    0 never executed
branch  1 never executed
branch  2 never executed
        -:   50:    }
    #####:   51:    return res;
    %%%%%:   51-block  0
    %%%%%:   51-block  1
        -:   52:}
        -:   53:
