        -:    0:Source:/home/project/acid_graph/SetGraph/src/SetGraph.cpp
        -:    0:Graph:/home/project/acid_graph/cmake-build-debug-coverage/SetGraph/CMakeFiles/libSetGraph.dir/src/SetGraph.cpp.gcno
        -:    0:Data:/home/project/acid_graph/cmake-build-debug-coverage/SetGraph/CMakeFiles/libSetGraph.dir/src/SetGraph.cpp.gcda
        -:    0:Runs:1
        -:    1://
        -:    2:// Created by dark0ghost on 28.05.2021.
        -:    3://
        -:    4:
        -:    5:#include <IGraph.h>
        -:    6:#include "SetGraph.h"
        -:    7:
function _ZN8SetGraphC2Ei called 1 returned 100% blocks executed 100%
        1:    8:SetGraph::SetGraph(int size): meta(size){
        1:    8-block  0
call    0 returned 1
call    1 returned 1
call    2 returned 1
        -:    9:
        1:   10:}
        -:   11:
function _ZN8SetGraphC2ERK6IGraph called 0 returned 0% blocks executed 0%
    #####:   12:SetGraph::SetGraph(const IGraph &graph): meta(graph.VerticesCount()) {
    %%%%%:   12-block  0
call    0 never executed
call    1 never executed
branch  2 never executed
branch  3 never executed
    %%%%%:   12-block  1
call    4 never executed
call    5 never executed
    $$$$$:   12-block  2
call    6 never executed
    $$$$$:   12-block  3
call    7 never executed
    $$$$$:   12-block  4
call    8 never executed
    #####:   13:    for(int i = 0; i < meta; i++){
    %%%%%:   13-block  0
branch  0 never executed
branch  1 never executed
    #####:   14:        auto iter = graph.GetNextVertices(i);
    %%%%%:   14-block  0
call    0 never executed
branch  1 never executed
branch  2 never executed
    %%%%%:   14-block  1
call    3 never executed
    $$$$$:   14-block  2
call    4 never executed
    #####:   15:        for(int& j : iter)
    %%%%%:   15-block  0
call    0 never executed
call    1 never executed
    %%%%%:   15-block  1
call    2 never executed
branch  3 never executed
branch  4 never executed
    %%%%%:   15-block  2
call    5 never executed
    %%%%%:   15-block  3
call    6 never executed
    #####:   16:            AddEdge(i, j);
call    0 never executed
branch  1 never executed
branch  2 never executed
        -:   17:    }
    #####:   18:}
    %%%%%:   18-block  0
        -:   19:
function _ZN8SetGraph7AddEdgeEii called 0 returned 0% blocks executed 0%
    #####:   20:void SetGraph::AddEdge(int from, int to) {
        -:   21:
    #####:   22:}
        -:   23:
function _ZNK8SetGraph13VerticesCountEv called 2 returned 100% blocks executed 100%
        2:   24:int SetGraph::VerticesCount() const {
        2:   25:    return 0;
        2:   25-block  0
        -:   26:}
        -:   27:
function _ZNK8SetGraph15GetNextVerticesEi called 0 returned 0% blocks executed 0%
    #####:   28:std::vector<int> SetGraph::GetNextVertices(int vertex) const {
    #####:   29:    return std::vector<int>();
    %%%%%:   29-block  0
call    0 never executed
        -:   30:}
        -:   31:
function _ZNK8SetGraph15GetPrevVerticesEi called 0 returned 0% blocks executed 0%
    #####:   32:std::vector<int> SetGraph::GetPrevVertices(int vertex) const {
    #####:   33:    return std::vector<int>();
    %%%%%:   33-block  0
call    0 never executed
        -:   34:}
